<?xml version="1.0" encoding="UTF-8"?>
<testng-results ignored="0" total="1" passed="1" failed="0" skipped="0">
  <reporter-output>
  </reporter-output>
  <suite started-at="2023-01-07T17:55:55Z" name="Default suite" finished-at="2023-01-07T17:56:04Z" duration-ms="9259">
    <groups>
    </groups>
    <test started-at="2023-01-07T17:55:55Z" name="Default test" finished-at="2023-01-07T17:56:04Z" duration-ms="9259">
      <class name="com.blaze.BlazeMain">
        <test-method signature="runBlaze()[pri:0, instance:com.blaze.BlazeMain@4e31276e]" started-at="2023-01-07T17:55:55Z" name="runBlaze" finished-at="2023-01-07T17:56:04Z" duration-ms="9238" status="PASS">
          <reporter-output>
          </reporter-output>
        </test-method> <!-- runBlaze -->
      </class> <!-- com.blaze.BlazeMain -->
    </test> <!-- Default test -->
  </suite> <!-- Default suite -->
</testng-results>
